  AirHockeytrialno1000.cpp
C:\xampp\htdocs\seif\2D-Air-Hockey\AirHockeytrialno1000\AirHockeytrialno1000.cpp(108,23): warning C4018: '<': signed/unsigned mismatch
  RGBpixmap.cpp
C:\xampp\htdocs\seif\2D-Air-Hockey\AirHockeytrialno1000\RGBpixmap.cpp(150,7): warning C4101: 'dum': unreferenced local variable
  Generating code
  Previous IPDB not found, fall back to full compilation.
  All 245 functions were compiled because no usable IPDB/IOBJ from previous compilation was found.
  Finished generating code
glut32.lib(glut32.dll) : error LNK2026: module unsafe for SAFESEH image.
glut32.lib(glut32.dll) : error LNK2026: module unsafe for SAFESEH image.
glut32.lib(glut32.dll) : error LNK2026: module unsafe for SAFESEH image.
glut32.lib(glut32.dll) : error LNK2026: module unsafe for SAFESEH image.
glut32.lib(glut32.dll) : error LNK2026: module unsafe for SAFESEH image.
glut32.lib(glut32.dll) : error LNK2026: module unsafe for SAFESEH image.
glut32.lib(glut32.dll) : error LNK2026: module unsafe for SAFESEH image.
glut32.lib(glut32.dll) : error LNK2026: module unsafe for SAFESEH image.
glut32.lib(glut32.dll) : error LNK2026: module unsafe for SAFESEH image.
glut32.lib(glut32.dll) : error LNK2026: module unsafe for SAFESEH image.
glut32.lib(glut32.dll) : error LNK2026: module unsafe for SAFESEH image.
glut32.lib(glut32.dll) : error LNK2026: module unsafe for SAFESEH image.
glut32.lib(glut32.dll) : error LNK2026: module unsafe for SAFESEH image.
glut32.lib(glut32.dll) : error LNK2026: module unsafe for SAFESEH image.
glut32.lib(glut32.dll) : error LNK2026: module unsafe for SAFESEH image.
C:\xampp\htdocs\seif\2D-Air-Hockey\Release\AirHockeytrialno1000.exe : fatal error LNK1281: Unable to generate SAFESEH image.
